TN:
SF:src/modules/establishments/services/CreateEstablishmentService.ts
FN:9,(anonymous_18)
FN:10,CreateEstablishmentService
FN:17,(anonymous_20)
FNF:3
FNH:3
FNDA:6,(anonymous_18)
FNDA:12,CreateEstablishmentService
FNDA:9,(anonymous_20)
DA:1,6
DA:4,6
DA:9,6
DA:12,12
DA:14,12
DA:17,6
DA:18,9
DA:19,9
DA:20,9
DA:21,9
DA:22,9
DA:23,9
DA:25,9
DA:27,9
DA:28,2
DA:31,7
DA:40,7
DA:42,6
DA:44,6
LF:19
LH:19
BRDA:27,0,0,2
BRDA:27,0,1,7
BRF:2
BRH:2
end_of_record
TN:
SF:src/modules/establishments/services/DeleteEstablishmentsService.ts
FN:12,(anonymous_18)
FN:13,DeleteEstablishmentService
FN:18,(anonymous_20)
FNF:3
FNH:3
FNDA:1,(anonymous_18)
FNDA:2,DeleteEstablishmentService
FNDA:2,(anonymous_20)
DA:1,1
DA:5,1
DA:12,1
DA:15,2
DA:18,2
DA:19,2
DA:21,2
DA:22,1
DA:25,1
DA:27,1
DA:29,1
DA:31,1
LF:12
LH:12
BRDA:19,0,0,2
BRDA:21,1,0,1
BRDA:21,1,1,1
BRF:3
BRH:3
end_of_record
TN:
SF:src/modules/establishments/services/ListAllEstablishmentsService.ts
FN:7,(anonymous_17)
FN:8,ListAllEstablishmentsService
FN:13,(anonymous_19)
FNF:3
FNH:3
FNDA:1,(anonymous_17)
FNDA:1,ListAllEstablishmentsService
FNDA:1,(anonymous_19)
DA:1,1
DA:7,1
DA:10,1
DA:13,1
DA:14,1
DA:15,1
DA:17,1
DA:19,1
LF:8
LH:8
BRDA:14,0,0,1
BRF:1
BRH:1
end_of_record
TN:
SF:src/modules/establishments/services/ListOneEstablishmentService.ts
FN:12,(anonymous_18)
FN:13,ListOneEstablishmentsService
FN:18,(anonymous_20)
FNF:3
FNH:3
FNDA:1,(anonymous_18)
FNDA:1,ListOneEstablishmentsService
FNDA:1,(anonymous_20)
DA:1,1
DA:5,1
DA:12,1
DA:15,1
DA:18,1
DA:19,1
DA:21,1
DA:22,0
DA:24,1
DA:26,1
DA:28,1
LF:11
LH:10
BRDA:19,0,0,1
BRDA:21,1,0,0
BRDA:21,1,1,1
BRF:3
BRH:2
end_of_record
TN:
SF:src/modules/establishments/services/UpdateEstablishmentsService.ts
FN:8,(anonymous_18)
FN:9,UpdateEstablishmentsService
FN:14,(anonymous_20)
FNF:3
FNH:3
FNDA:1,(anonymous_18)
FNDA:3,UpdateEstablishmentsService
FNDA:2,(anonymous_20)
DA:1,1
DA:5,1
DA:8,1
DA:11,3
DA:14,1
DA:15,2
DA:16,2
DA:17,2
DA:18,2
DA:19,2
DA:20,2
DA:22,2
DA:26,2
DA:27,1
DA:30,1
DA:39,1
DA:41,1
DA:43,1
LF:18
LH:18
BRDA:22,0,0,2
BRDA:26,1,0,1
BRDA:26,1,1,1
BRF:3
BRH:3
end_of_record
TN:
SF:src/modules/transactions/services/CreateTransactionsService.ts
FN:11,(anonymous_18)
FN:12,CreateTransactionsService
FN:21,(anonymous_20)
FNF:3
FNH:3
FNDA:1,(anonymous_18)
FNDA:3,CreateTransactionsService
FNDA:3,(anonymous_20)
DA:1,1
DA:8,1
DA:11,1
DA:14,3
DA:16,3
DA:18,3
DA:21,1
DA:22,3
DA:23,3
DA:24,3
DA:26,3
DA:30,3
DA:31,1
DA:34,2
DA:36,2
DA:37,1
DA:40,1
DA:46,1
DA:48,1
DA:50,1
LF:20
LH:20
BRDA:26,0,0,3
BRDA:30,1,0,1
BRDA:30,1,1,2
BRDA:36,2,0,1
BRDA:36,2,1,1
BRF:5
BRH:5
end_of_record
TN:
SF:src/modules/transactions/services/ListTransactionsByDayService.ts
FN:13,(anonymous_17)
FN:14,ListTransactionsByDayService
FN:19,(anonymous_19)
FNF:3
FNH:0
FNDA:0,(anonymous_17)
FNDA:0,ListTransactionsByDayService
FNDA:0,(anonymous_19)
DA:1,0
DA:13,0
DA:16,0
DA:19,0
DA:20,0
DA:21,0
DA:22,0
DA:24,0
DA:30,0
DA:32,0
DA:34,0
LF:11
LH:0
BRDA:24,0,0,0
BRF:1
BRH:0
end_of_record
TN:
SF:src/modules/users/services/CreateSessionService.ts
FN:20,(anonymous_18)
FN:21,CreateSessionService
FN:30,(anonymous_20)
FNF:3
FNH:3
FNDA:1,(anonymous_18)
FNDA:3,CreateSessionService
FNDA:3,(anonymous_20)
DA:1,1
DA:5,1
DA:20,1
DA:23,3
DA:25,3
DA:27,3
DA:30,3
DA:31,3
DA:33,3
DA:34,1
DA:37,2
DA:42,2
DA:43,1
DA:46,1
DA:48,1
DA:50,1
DA:52,1
LF:17
LH:17
BRDA:31,0,0,3
BRDA:33,1,0,1
BRDA:33,1,1,2
BRDA:42,2,0,1
BRDA:42,2,1,1
BRF:5
BRH:5
end_of_record
TN:
SF:src/modules/users/services/CreateUserService.ts
FN:9,(anonymous_18)
FN:10,CreateUser
FN:17,(anonymous_20)
FNF:3
FNH:3
FNDA:2,(anonymous_18)
FNDA:5,CreateUser
FNDA:5,(anonymous_20)
DA:1,2
DA:5,2
DA:9,2
DA:12,5
DA:14,5
DA:17,5
DA:18,5
DA:20,5
DA:21,1
DA:24,4
DA:26,4
DA:31,4
DA:33,2
DA:35,2
LF:14
LH:14
BRDA:18,0,0,5
BRDA:20,1,0,1
BRDA:20,1,1,4
BRF:3
BRH:3
end_of_record
TN:
SF:src/modules/vehicles/services/CreateVehiclesService.ts
FN:7,(anonymous_17)
FN:8,CreateEstablishmentService
FN:13,(anonymous_19)
FNF:3
FNH:3
FNDA:6,(anonymous_17)
FNDA:11,CreateEstablishmentService
FNDA:7,(anonymous_19)
DA:1,6
DA:7,6
DA:10,11
DA:13,6
DA:14,7
DA:15,7
DA:16,7
DA:17,7
DA:18,7
DA:20,7
DA:28,7
DA:30,6
DA:32,6
LF:13
LH:13
BRDA:20,0,0,7
BRF:1
BRH:1
end_of_record
TN:
SF:src/modules/vehicles/services/DeleteVehiclesService.ts
FN:12,(anonymous_18)
FN:13,DeleteVehiclesServices
FN:18,(anonymous_20)
FNF:3
FNH:3
FNDA:1,(anonymous_18)
FNDA:2,DeleteVehiclesServices
FNDA:2,(anonymous_20)
DA:1,1
DA:5,1
DA:12,1
DA:15,2
DA:18,2
DA:19,2
DA:21,2
DA:22,1
DA:25,1
DA:27,1
DA:29,1
DA:31,1
LF:12
LH:12
BRDA:19,0,0,2
BRDA:21,1,0,1
BRDA:21,1,1,1
BRF:3
BRH:3
end_of_record
TN:
SF:src/modules/vehicles/services/ListAllVehicleTypesService.ts
FN:7,(anonymous_17)
FN:8,ListAllVehicleTypesService
FN:13,(anonymous_19)
FNF:3
FNH:3
FNDA:1,(anonymous_17)
FNDA:1,ListAllVehicleTypesService
FNDA:1,(anonymous_19)
DA:1,1
DA:7,1
DA:10,1
DA:13,1
DA:14,1
DA:15,1
DA:17,1
DA:19,1
LF:8
LH:8
BRDA:14,0,0,1
BRF:1
BRH:1
end_of_record
TN:
SF:src/modules/vehicles/services/ListAllVehiclesService.ts
FN:7,(anonymous_17)
FN:8,ListAllVehiclesService
FN:13,(anonymous_19)
FNF:3
FNH:3
FNDA:1,(anonymous_17)
FNDA:1,ListAllVehiclesService
FNDA:1,(anonymous_19)
DA:1,1
DA:7,1
DA:10,1
DA:13,1
DA:14,1
DA:15,1
DA:17,1
DA:19,1
LF:8
LH:8
BRDA:14,0,0,1
BRF:1
BRH:1
end_of_record
TN:
SF:src/modules/vehicles/services/ListOneVehicleService.ts
FN:12,(anonymous_18)
FN:13,ListOneVehiclesService
FN:18,(anonymous_20)
FNF:3
FNH:3
FNDA:1,(anonymous_18)
FNDA:2,ListOneVehiclesService
FNDA:2,(anonymous_20)
DA:1,1
DA:5,1
DA:12,1
DA:15,2
DA:18,2
DA:19,2
DA:21,2
DA:22,1
DA:25,1
DA:27,1
DA:29,1
LF:11
LH:11
BRDA:19,0,0,2
BRDA:21,1,0,1
BRDA:21,1,1,1
BRF:3
BRH:3
end_of_record
TN:
SF:src/modules/vehicles/services/UpdateVehiclesService.ts
FN:8,(anonymous_18)
FN:9,UpdateVehiclesService
FN:14,(anonymous_20)
FNF:3
FNH:3
FNDA:1,(anonymous_18)
FNDA:2,UpdateVehiclesService
FNDA:2,(anonymous_20)
DA:1,1
DA:5,1
DA:8,1
DA:11,2
DA:14,1
DA:15,2
DA:16,2
DA:17,2
DA:18,2
DA:19,2
DA:20,2
DA:22,2
DA:24,2
DA:25,1
DA:28,1
DA:37,1
DA:39,1
DA:41,1
LF:18
LH:18
BRDA:22,0,0,2
BRDA:24,1,0,1
BRDA:24,1,1,1
BRF:3
BRH:3
end_of_record
