TN:
SF:src/modules/establishments/services/CreateEstablishmentService.ts
FN:9,(anonymous_18)
FN:10,CreateEstablishmentService
FN:17,(anonymous_20)
FNF:3
FNH:3
FNDA:1,(anonymous_18)
FNDA:2,CreateEstablishmentService
FNDA:2,(anonymous_20)
DA:1,1
DA:4,1
DA:9,1
DA:12,2
DA:14,2
DA:17,1
DA:18,2
DA:19,2
DA:20,2
DA:21,2
DA:22,2
DA:23,2
DA:25,2
DA:26,2
DA:27,2
DA:28,1
DA:31,1
DA:40,1
DA:42,1
DA:44,1
LF:20
LH:20
BRDA:27,0,0,1
BRDA:27,0,1,1
BRF:2
BRH:2
end_of_record
TN:
SF:src/modules/users/services/CreateSessionService.ts
FN:20,(anonymous_18)
FN:21,CreateSessionService
FN:30,(anonymous_20)
FNF:3
FNH:3
FNDA:1,(anonymous_18)
FNDA:3,CreateSessionService
FNDA:3,(anonymous_20)
DA:1,1
DA:5,1
DA:20,1
DA:23,3
DA:25,3
DA:27,3
DA:30,3
DA:31,3
DA:33,3
DA:34,1
DA:37,2
DA:42,2
DA:43,1
DA:46,1
DA:48,1
DA:50,1
DA:52,1
LF:17
LH:17
BRDA:31,0,0,3
BRDA:33,1,0,1
BRDA:33,1,1,2
BRDA:42,2,0,1
BRDA:42,2,1,1
BRF:5
BRH:5
end_of_record
TN:
SF:src/modules/users/services/CreateUserService.ts
FN:9,(anonymous_18)
FN:10,CreateUser
FN:17,(anonymous_20)
FNF:3
FNH:3
FNDA:2,(anonymous_18)
FNDA:5,CreateUser
FNDA:5,(anonymous_20)
DA:1,2
DA:5,2
DA:9,2
DA:12,5
DA:14,5
DA:17,5
DA:18,5
DA:20,5
DA:21,1
DA:24,4
DA:26,4
DA:31,4
DA:33,2
DA:35,2
LF:14
LH:14
BRDA:18,0,0,5
BRDA:20,1,0,1
BRDA:20,1,1,4
BRF:3
BRH:3
end_of_record
